<?xml version="1.0" encoding="UTF-8"?>
<!-- Generated by org.testng.reporters.JUnitReportReporter -->
<testsuite hostname="LAPTOP-K2RN0M8F" failures="0" tests="15" name="runner.TestRunner" time="0.658" errors="15" timestamp="2022-08-16T18:10:07 IST" skipped="0">
  <testcase classname="runner.TestRunner" name="runScenario" time="0.012">
    <error type="java.lang.NullPointerException">
      <![CDATA[java.lang.NullPointerException
at steps.MyStepdefs.creatingAEmployee(MyStepdefs.java:31)
at ✽.Creating a Employee(file:///C:/Users/thoka/IdeaProjects/Employee.sprint/src/test/java/features/Employee.feature:4)
]]>
    </error>
  </testcase> <!-- runScenario -->
  <system-out/>
  <testcase classname="runner.TestRunner" name="runScenario" time="0.013">
    <error type="java.lang.NullPointerException">
      <![CDATA[java.lang.NullPointerException
at steps.MyStepdefs.creatingAEmployee(MyStepdefs.java:31)
at ✽.Creating a Employee(file:///C:/Users/thoka/IdeaProjects/Employee.sprint/src/test/java/features/Employee.feature:4)
]]>
    </error>
  </testcase> <!-- runScenario -->
  <system-out/>
  <testcase classname="runner.TestRunner" name="runScenario" time="0.020">
    <error type="java.lang.NullPointerException">
      <![CDATA[java.lang.NullPointerException
at steps.MyStepdefs.creatingAEmployee(MyStepdefs.java:31)
at ✽.Creating a Employee(file:///C:/Users/thoka/IdeaProjects/Employee.sprint/src/test/java/features/Employee.feature:4)
]]>
    </error>
  </testcase> <!-- runScenario -->
  <system-out/>
  <testcase classname="runner.TestRunner" name="runScenario" time="0.453">
    <error type="java.lang.NullPointerException">
      <![CDATA[java.lang.NullPointerException
at steps.MyStepdefs.creatingAEmployee(MyStepdefs.java:31)
at ✽.Creating a Employee(file:///C:/Users/thoka/IdeaProjects/Employee.sprint/src/test/java/features/Employee.feature:4)
]]>
    </error>
  </testcase> <!-- runScenario -->
  <system-out/>
  <testcase classname="runner.TestRunner" name="runScenario" time="0.008">
    <error type="java.lang.NullPointerException">
      <![CDATA[java.lang.NullPointerException
at steps.MyStepdefs.creatingAEmployee(MyStepdefs.java:31)
at ✽.Creating a Employee(file:///C:/Users/thoka/IdeaProjects/Employee.sprint/src/test/java/features/Employee.feature:4)
]]>
    </error>
  </testcase> <!-- runScenario -->
  <system-out/>
  <testcase classname="runner.TestRunner" name="runScenario" time="0.021">
    <error type="java.lang.NullPointerException">
      <![CDATA[java.lang.NullPointerException
at steps.MyStepdefs.creatingAEmployee(MyStepdefs.java:31)
at ✽.Creating a Employee(file:///C:/Users/thoka/IdeaProjects/Employee.sprint/src/test/java/features/Employee.feature:4)
]]>
    </error>
  </testcase> <!-- runScenario -->
  <system-out/>
  <testcase classname="runner.TestRunner" name="runScenario" time="0.011">
    <error type="java.lang.NullPointerException">
      <![CDATA[java.lang.NullPointerException
at steps.MyStepdefs.creatingAEmployee(MyStepdefs.java:31)
at ✽.Creating a Employee(file:///C:/Users/thoka/IdeaProjects/Employee.sprint/src/test/java/features/Employee.feature:4)
]]>
    </error>
  </testcase> <!-- runScenario -->
  <system-out/>
  <testcase classname="runner.TestRunner" name="runScenario" time="0.010">
    <error type="java.lang.NullPointerException">
      <![CDATA[java.lang.NullPointerException
at steps.MyStepdefs.creatingAEmployee(MyStepdefs.java:31)
at ✽.Creating a Employee(file:///C:/Users/thoka/IdeaProjects/Employee.sprint/src/test/java/features/Employee.feature:4)
]]>
    </error>
  </testcase> <!-- runScenario -->
  <system-out/>
  <testcase classname="runner.TestRunner" name="runScenario" time="0.026">
    <error type="java.lang.NullPointerException">
      <![CDATA[java.lang.NullPointerException
at steps.MyStepdefs.creatingAEmployee(MyStepdefs.java:31)
at ✽.Creating a Employee(file:///C:/Users/thoka/IdeaProjects/Employee.sprint/src/test/java/features/Employee.feature:4)
]]>
    </error>
  </testcase> <!-- runScenario -->
  <system-out/>
  <testcase classname="runner.TestRunner" name="runScenario" time="0.018">
    <error type="java.lang.NullPointerException">
      <![CDATA[java.lang.NullPointerException
at steps.MyStepdefs.creatingAEmployee(MyStepdefs.java:31)
at ✽.Creating a Employee(file:///C:/Users/thoka/IdeaProjects/Employee.sprint/src/test/java/features/Employee.feature:4)
]]>
    </error>
  </testcase> <!-- runScenario -->
  <system-out/>
  <testcase classname="runner.TestRunner" name="runScenario" time="0.011">
    <error type="java.lang.NullPointerException">
      <![CDATA[java.lang.NullPointerException
at steps.MyStepdefs.creatingAEmployee(MyStepdefs.java:31)
at ✽.Creating a Employee(file:///C:/Users/thoka/IdeaProjects/Employee.sprint/src/test/java/features/Employee.feature:4)
]]>
    </error>
  </testcase> <!-- runScenario -->
  <system-out/>
  <testcase classname="runner.TestRunner" name="runScenario" time="0.013">
    <error type="java.lang.NullPointerException">
      <![CDATA[java.lang.NullPointerException
at steps.MyStepdefs.creatingAEmployee(MyStepdefs.java:31)
at ✽.Creating a Employee(file:///C:/Users/thoka/IdeaProjects/Employee.sprint/src/test/java/features/Employee.feature:4)
]]>
    </error>
  </testcase> <!-- runScenario -->
  <system-out/>
  <testcase classname="runner.TestRunner" name="runScenario" time="0.009">
    <error type="java.lang.NullPointerException">
      <![CDATA[java.lang.NullPointerException
at steps.MyStepdefs.creatingAEmployee(MyStepdefs.java:31)
at ✽.Creating a Employee(file:///C:/Users/thoka/IdeaProjects/Employee.sprint/src/test/java/features/Employee.feature:4)
]]>
    </error>
  </testcase> <!-- runScenario -->
  <system-out/>
  <testcase classname="runner.TestRunner" name="runScenario" time="0.016">
    <error type="java.lang.NullPointerException">
      <![CDATA[java.lang.NullPointerException
at steps.MyStepdefs.creatingAEmployee(MyStepdefs.java:31)
at ✽.Creating a Employee(file:///C:/Users/thoka/IdeaProjects/Employee.sprint/src/test/java/features/Employee.feature:4)
]]>
    </error>
  </testcase> <!-- runScenario -->
  <system-out/>
  <testcase classname="runner.TestRunner" name="runScenario" time="0.017">
    <error type="java.lang.NullPointerException">
      <![CDATA[java.lang.NullPointerException
at steps.MyStepdefs.creatingAEmployee(MyStepdefs.java:31)
at ✽.Creating a Employee(file:///C:/Users/thoka/IdeaProjects/Employee.sprint/src/test/java/features/Employee.feature:4)
]]>
    </error>
  </testcase> <!-- runScenario -->
  <system-out/>
</testsuite> <!-- runner.TestRunner -->
